<?xml version="1.0" encoding="UTF-8"?>
<!-- Generated by org.testng.reporters.JUnitXMLReporter -->
<testsuite hostname="LAPTOP-15N4ONKA" name="Validate URL" tests="1" failures="0" timestamp="19 Nov 2018 18:01:34 GMT" time="0.028" errors="0">
  <testcase name="@BeforeTest initialize" time="0.0" classname="validation.NavigateURL">
    <failure type="java.lang.NullPointerException">
      <![CDATA[java.lang.NullPointerException
	at repository.BaseFile.initializeDriver(BaseFile.java:24)
	at validation.NavigateURL.initialize(NavigateURL.java:13)
... Removed 26 stack frames]]>
    </failure>
  </testcase> <!-- @BeforeTest initialize -->
  <testcase name="@AfterTest tearDown" time="0.0" classname="validation.NavigateURL">
    <skipped/>
  </testcase> <!-- @AfterTest tearDown -->
  <testcase name="navigateURL" time="0.0" classname="validation.NavigateURL">
    <skipped/>
  </testcase> <!-- navigateURL -->
</testsuite> <!-- Validate URL -->
